chr1:152555176-152586594	affy6.gigas.NA12891	253	1
chr11:98768901-98805168	affy6.gigas.NA12891	233	1
chr12:33373749-33399087	affy6.gigas.NA12891	555	1
chr13:55691382-55713199	affy6.gigas.NA12891	533-555	1
chr14:74001123-74060743	affy6.gigas.NA12891	533	1
chr15:78193085-78232631	affy6.gigas.NA12891	533	1
chr15:83297138-83455210	affy6.gigas.NA12891	233	1
chr19:37122592-37361360	affy6.gigas.NA12891	233	1
chr2:34699315-34737163	affy6.gigas.NA12891	122-132	1
chr2:52754468-52781542	affy6.gigas.NA12891	121	1
chr2:98063372-98162189	affy6.gigas.NA12891	232	1
chr20:1561580-1593893	affy6.gigas.NA12891	636	1
chr3:162512657-162623897	affy6.gigas.NA12891	233	1
chr3:65189235-65210452	affy6.gigas.NA12891	232	1
chr4:151845838-151884310	affy6.gigas.NA12891	555	1
chr4:34786500-34824725	affy6.gigas.NA12891	221	1
chr5:12815780-12838533	affy6.gigas.NA12891	253	1
chr5:75611597-75643610	affy6.gigas.NA12891	533	1
chr7:143896252-144051231	affy6.gigas.NA12891	533	1
chr8:39235603-39386965	affy6.gigas.NA12891	122	1
chr9:45407529-45915244	affy6.gigas.NA12891	555	1
chr1:189706245-189781569	affy6.scale.NA12878	322	1
chr1:72768418-72811148	affy6.scale.NA12878	222	1
chr10:48883402-49363009	affy6.scale.NA12878	322	1
chr11:50094248-50124577	affy6.scale.NA12878	355	1
chr12:11511577-11543406	affy6.scale.NA12878	332	1
chr12:9633870-9728292	affy6.scale.NA12878	322	1
chr14:24452701-24489438	affy6.scale.NA12878	332	1
chr15:20262236-22588019	affy6.scale.NA12878	222-232-322	1
chr16:19945650-19967362	affy6.scale.NA12878	322	1
chr17:18355392-18474646	affy6.scale.NA12878	232	1
chr17:44394412-44752300	affy6.scale.NA12878	232	1
chr19:20596206-20716389	affy6.scale.NA12878	232	1
chr2:52754468-52781542	affy6.scale.NA12878	131	1
chr2:89136052-89157803	affy6.scale.NA12878	652	1
chr22:24344422-24396814	affy6.scale.NA12878	335	1
chr3:129763698-129806236	affy6.scale.NA12878	222	1
chr3:65189235-65210452	affy6.scale.NA12878	232	1
chr4:34786500-34824725	affy6.scale.NA12878	221	1
chr4:69360488-69489335	affy6.scale.NA12878	322	1
chr4:70131346-70224850	affy6.scale.NA12878	222-322	1
chr6:67008811-67048629	affy6.scale.NA12878	322	1
chr6:78969065-79032592	affy6.scale.NA12878	232	1
chr8:12216009-12247486	affy6.scale.NA12878	222	1
chr8:39235603-39386965	affy6.scale.NA12878	122-132	1
chr9:38787493-39342825	affy6.scale.NA12878	355	1
chr9:41692297-42136026	affy6.scale.NA12878	355	1
chr9:45368770-46063936	affy6.scale.NA12878	355	1
chr1:152552754-152586594	affy6.shelf.NA12892	253-555	1
chr1:189706245-189781569	affy6.shelf.NA12892	322	1
chr1:72768418-72811148	affy6.shelf.NA12892	322	1
chr12:132343928-132377083	affy6.shelf.NA12892	355	1
chr12:33373749-33399087	affy6.shelf.NA12892	555	1
chr12:9633870-9728292	affy6.shelf.NA12892	322	1
chr15:20440538-22588019	affy6.shelf.NA12892	222|322	2
chr16:19945650-19967362	affy6.shelf.NA12892	322	1
chr17:44163098-44572303	affy6.shelf.NA12892	353-656	1
chr2:52754468-52781542	affy6.shelf.NA12892	121	1
chr2:89133124-89157803	affy6.shelf.NA12892	652-653	1
chr3:129763698-129806236	affy6.shelf.NA12892	322	1
chr4:151845838-151884310	affy6.shelf.NA12892	555	1
chr4:34786500-34824725	affy6.shelf.NA12892	221	1
chr4:69360488-69489335	affy6.shelf.NA12892	322	1
chr4:94041600-94109643	affy6.shelf.NA12892	353	1
chr5:12815780-12838533	affy6.shelf.NA12892	253	1
chr5:70254895-70307544	affy6.shelf.NA12892	353	1
chr6:32452801-32501299	affy6.shelf.NA12892	523	1
chr6:67008262-67048629	affy6.shelf.NA12892	223-322	1
chr8:12216009-12247486	affy6.shelf.NA12892	322	1
chr8:39235603-39386965	affy6.shelf.NA12892	122	1
chr9:45407529-45915244	affy6.shelf.NA12892	555	1
chr1:189706245-189781569	affy6.tesla.NA12878	322	1
chr1:72768418-72811148	affy6.tesla.NA12878	322	1
chr10:47074891-47103613	affy6.tesla.NA12878	332	1
chr12:132343928-132377083	affy6.tesla.NA12878	355	1
chr12:33373749-33399087	affy6.tesla.NA12878	555	1
chr12:9633870-9728292	affy6.tesla.NA12878	322	1
chr15:20440538-22441747	affy6.tesla.NA12878	322	1
chr16:19945650-19967362	affy6.tesla.NA12878	322	1
chr2:34699315-34737163	affy6.tesla.NA12878	122-132	1
chr2:52754468-52781542	affy6.tesla.NA12878	121	1
chr2:89136052-89157803	affy6.tesla.NA12878	652	1
chr2:98063372-98162189	affy6.tesla.NA12878	232	1
chr20:1561580-1593893	affy6.tesla.NA12878	636	1
chr3:129763698-129806236	affy6.tesla.NA12878	322	1
chr3:65189235-65210452	affy6.tesla.NA12878	232	1
chr4:151845838-151884310	affy6.tesla.NA12878	555	1
chr4:34786500-34824725	affy6.tesla.NA12878	221	1
chr4:69360488-69489335	affy6.tesla.NA12878	322	1
chr6:67008811-67048629	affy6.tesla.NA12878	322	1
chr8:12216009-12247486	affy6.tesla.NA12878	322	1
chr8:39235603-39386965	affy6.tesla.NA12878	122	1
chr9:45407529-45915244	affy6.tesla.NA12878	555	1
chr1:152555176-152586594	affy6.tesla.NA12891	253	1
chr1:72768418-72811148	affy6.tesla.NA12891	222	1
chr10:18029825-18199813	affy6.tesla.NA12891	553	1
chr11:98768901-98805168	affy6.tesla.NA12891	233	1
chr14:73995774-74020979	affy6.tesla.NA12891	533	1
chr17:18355392-18474646	affy6.tesla.NA12891	232	1
chr17:44394412-44752300	affy6.tesla.NA12891	232	1
chr19:20596206-20716389	affy6.tesla.NA12891	232	1
chr2:52754468-52781542	affy6.tesla.NA12891	131	1
chr3:129763698-129806236	affy6.tesla.NA12891	222	1
chr3:162512657-162623897	affy6.tesla.NA12891	233	1
chr3:65189235-65210452	affy6.tesla.NA12891	232	1
chr3:75568549-75596246	affy6.tesla.NA12891	233	1
chr4:34786500-34824725	affy6.tesla.NA12891	221	1
chr4:70127644-70197739	affy6.tesla.NA12891	222-233	1
chr6:78969065-79032592	affy6.tesla.NA12891	232	1
chr7:143927807-144041060	affy6.tesla.NA12891	533	1
chr8:12216009-12247486	affy6.tesla.NA12891	222	1
chr8:39235603-39386965	affy6.tesla.NA12891	122-132	1
chr9:44233594-44273241	affy6.tesla.NA12891	233	1
chr1:189706245-189781569	affy6.tesla.NA12892	322	1
chr1:72768418-72811148	affy6.tesla.NA12892	222	1
chr10:18029825-18199813	affy6.tesla.NA12892	553	1
chr10:48883402-49363009	affy6.tesla.NA12892	322	1
chr11:50094248-50124577	affy6.tesla.NA12892	355	1
chr12:9633870-9728292	affy6.tesla.NA12892	322	1
chr15:20262236-22521213	affy6.tesla.NA12892	222-322	1
chr15:34727172-34795803	affy6.tesla.NA12892	323	1
chr16:19945650-19967362	affy6.tesla.NA12892	322	1
chr2:34699315-34737057	affy6.tesla.NA12892	122	1
chr2:89133124-89157803	affy6.tesla.NA12892	652-656	1
chr3:129763698-129806236	affy6.tesla.NA12892	222	1
chr4:34786500-34824725	affy6.tesla.NA12892	221	1
chr4:69360488-69489335	affy6.tesla.NA12892	322	1
chr4:70131346-70224850	affy6.tesla.NA12892	222-322	1
chr4:94041600-94109643	affy6.tesla.NA12892	353	1
chr6:32581838-32623277	affy6.tesla.NA12892	323	1
chr8:12216009-12247486	affy6.tesla.NA12892	222	1
chr9:38787493-39342825	affy6.tesla.NA12892	355	1
chr9:41692297-42136026	affy6.tesla.NA12892	355	1
chr9:45368770-46063936	affy6.tesla.NA12892	355	1
