NOTICE: No evidence of parental origin for the putative de novo CNVs (de novo CN=1 in trio data/signal/affy6.tesla.NA12891 data/signal/affy6.tesla.NA12892 data/signal/affy6.scale.NA12878 ),affy6ceu_flanks_affy6.scale.NA12878_chr10:17880968-17949857
NOTICE: No evidence of parental origin for the putative de novo CNVs (de novo CN=1 in trio data/signal/affy6.tesla.NA12891 data/signal/affy6.tesla.NA12892 data/signal/affy6.scale.NA12878 ),affy6ceu_flanks_affy6.scale.NA12878_chr10:24377674-24379039
NOTICE: Evidence for parental origin for the putative de novo CNVs (de novo CN=3 in trio data/signal/affy6.tesla.NA12891 data/signal/affy6.tesla.NA12892 data/signal/affy6.scale.NA12878 ): Marker= 132 Paternal_origin(F)= 10 Maternal_origin(M)= 10 P-value= 1,affy6ceu_flanks_affy6.scale.NA12878_chr10:27225904-27228473
NOTICE: No evidence of parental origin for the putative de novo CNVs (de novo CN=1 in trio data/signal/affy6.tesla.NA12891 data/signal/affy6.tesla.NA12892 data/signal/affy6.scale.NA12878 ),affy6ceu_flanks_affy6.scale.NA12878_chr10:31251334-31251779
NOTICE: No evidence of parental origin for the putative de novo CNVs (de novo CN=1 in trio data/signal/affy6.tesla.NA12891 data/signal/affy6.tesla.NA12892 data/signal/affy6.scale.NA12878 ),affy6ceu_flanks_affy6.scale.NA12878_chr10:46917315-46932195
NOTICE: Evidence for parental origin for the putative de novo CNVs (de novo CN=1 in trio data/signal/affy6.tesla.NA12891 data/signal/affy6.tesla.NA12892 data/signal/affy6.scale.NA12878 ): Marker= 149 Paternal_origin(F)= 0 Maternal_origin(M)= 2 P-value= 0.5,affy6ceu_flanks_affy6.scale.NA12878_chr10:48883402-49363009
NOTICE: Evidence for parental origin for the putative de novo CNVs (de novo CN=3 in trio data/signal/affy6.tesla.NA12891 data/signal/affy6.tesla.NA12892 data/signal/affy6.scale.NA12878 ): Marker= 136 Paternal_origin(F)= 13 Maternal_origin(M)= 13 P-value= 1,affy6ceu_flanks_affy6.scale.NA12878_chr1:106019205-106022375
NOTICE: Evidence for parental origin for the putative de novo CNVs (de novo CN=1 in trio data/signal/affy6.tesla.NA12891 data/signal/affy6.tesla.NA12892 data/signal/affy6.scale.NA12878 ): Marker= 127 Paternal_origin(F)= 1 Maternal_origin(M)= 0 P-value= 1,affy6ceu_flanks_affy6.scale.NA12878_chr11:24240005-24247859
NOTICE: No evidence of parental origin for the putative de novo CNVs (de novo CN=3 in trio data/signal/affy6.tesla.NA12891 data/signal/affy6.tesla.NA12892 data/signal/affy6.scale.NA12878 ),affy6ceu_flanks_affy6.scale.NA12878_chr11:50094248-50124577
NOTICE: Evidence for parental origin for the putative de novo CNVs (de novo CN=3 in trio data/signal/affy6.tesla.NA12891 data/signal/affy6.tesla.NA12892 data/signal/affy6.scale.NA12878 ): Marker= 138 Paternal_origin(F)= 0 Maternal_origin(M)= 1 P-value= 1,affy6ceu_flanks_affy6.scale.NA12878_chr11:50343842-50382437
NOTICE: No evidence of parental origin for the putative de novo CNVs (de novo CN=1 in trio data/signal/affy6.tesla.NA12891 data/signal/affy6.tesla.NA12892 data/signal/affy6.scale.NA12878 ),affy6ceu_flanks_affy6.scale.NA12878_chr1:152761923-152768700
NOTICE: No evidence of parental origin for the putative de novo CNVs (de novo CN=1 in trio data/signal/affy6.tesla.NA12891 data/signal/affy6.tesla.NA12892 data/signal/affy6.scale.NA12878 ),affy6ceu_flanks_affy6.scale.NA12878_chr11:55374032-55431064
NOTICE: No evidence of parental origin for the putative de novo CNVs (de novo CN=1 in trio data/signal/affy6.tesla.NA12891 data/signal/affy6.tesla.NA12892 data/signal/affy6.scale.NA12878 ),affy6ceu_flanks_affy6.scale.NA12878_chr1:16153497-16155010
NOTICE: Evidence for parental origin for the putative de novo CNVs (de novo CN=1 in trio data/signal/affy6.tesla.NA12891 data/signal/affy6.tesla.NA12892 data/signal/affy6.scale.NA12878 ): Marker= 199 Paternal_origin(F)= 0 Maternal_origin(M)= 7 P-value= 0.015625,affy6ceu_flanks_affy6.scale.NA12878_chr1:189706245-189781569
NOTICE: No evidence of parental origin for the putative de novo CNVs (de novo CN=1 in trio data/signal/affy6.tesla.NA12891 data/signal/affy6.tesla.NA12892 data/signal/affy6.scale.NA12878 ),affy6ceu_flanks_affy6.scale.NA12878_chr12:101951083-101951731
NOTICE: No evidence of parental origin for the putative de novo CNVs (de novo CN=1 in trio data/signal/affy6.tesla.NA12891 data/signal/affy6.tesla.NA12892 data/signal/affy6.scale.NA12878 ),affy6ceu_flanks_affy6.scale.NA12878_chr12:11511577-11543406
NOTICE: Evidence for parental origin for the putative de novo CNVs (de novo CN=3 in trio data/signal/affy6.tesla.NA12891 data/signal/affy6.tesla.NA12892 data/signal/affy6.scale.NA12878 ): Marker= 132 Paternal_origin(F)= 4 Maternal_origin(M)= 0 P-value= 0.125,affy6ceu_flanks_affy6.scale.NA12878_chr12:33385830-33399833
NOTICE: Evidence for parental origin for the putative de novo CNVs (de novo CN=3 in trio data/signal/affy6.tesla.NA12891 data/signal/affy6.tesla.NA12892 data/signal/affy6.scale.NA12878 ): Marker= 125 Paternal_origin(F)= 7 Maternal_origin(M)= 18 P-value= 0.0432852506637573,affy6ceu_flanks_affy6.scale.NA12878_chr1:236385116-236385379
NOTICE: No evidence of parental origin for the putative de novo CNVs (de novo CN=1 in trio data/signal/affy6.tesla.NA12891 data/signal/affy6.tesla.NA12892 data/signal/affy6.scale.NA12878 ),affy6ceu_flanks_affy6.scale.NA12878_chr12:378729-385092
NOTICE: Evidence for parental origin for the putative de novo CNVs (de novo CN=3 in trio data/signal/affy6.tesla.NA12891 data/signal/affy6.tesla.NA12892 data/signal/affy6.scale.NA12878 ): Marker= 134 Paternal_origin(F)= 1 Maternal_origin(M)= 0 P-value= 1,affy6ceu_flanks_affy6.scale.NA12878_chr1:248605752-248641192
NOTICE: No evidence of parental origin for the putative de novo CNVs (de novo CN=1 in trio data/signal/affy6.tesla.NA12891 data/signal/affy6.tesla.NA12892 data/signal/affy6.scale.NA12878 ),affy6ceu_flanks_affy6.scale.NA12878_chr1:248749194-248810646
NOTICE: No evidence of parental origin for the putative de novo CNVs (de novo CN=1 in trio data/signal/affy6.tesla.NA12891 data/signal/affy6.tesla.NA12892 data/signal/affy6.scale.NA12878 ),affy6ceu_flanks_affy6.scale.NA12878_chr12:9633870-9728292
NOTICE: No evidence of parental origin for the putative de novo CNVs (de novo CN=1 in trio data/signal/affy6.tesla.NA12891 data/signal/affy6.tesla.NA12892 data/signal/affy6.scale.NA12878 ),affy6ceu_flanks_affy6.scale.NA12878_chr12:99795293-99798734
NOTICE: Evidence for parental origin for the putative de novo CNVs (de novo CN=1 in trio data/signal/affy6.tesla.NA12891 data/signal/affy6.tesla.NA12892 data/signal/affy6.scale.NA12878 ): Marker= 133 Paternal_origin(F)= 0 Maternal_origin(M)= 1 P-value= 1,affy6ceu_flanks_affy6.scale.NA12878_chr1:35102654-35104491
NOTICE: No evidence of parental origin for the putative de novo CNVs (de novo CN=1 in trio data/signal/affy6.tesla.NA12891 data/signal/affy6.tesla.NA12892 data/signal/affy6.scale.NA12878 ),affy6ceu_flanks_affy6.scale.NA12878_chr14:106194477-106320386
NOTICE: Evidence for parental origin for the putative de novo CNVs (de novo CN=3 in trio data/signal/affy6.tesla.NA12891 data/signal/affy6.tesla.NA12892 data/signal/affy6.scale.NA12878 ): Marker= 161 Paternal_origin(F)= 1 Maternal_origin(M)= 0 P-value= 1,affy6ceu_flanks_affy6.scale.NA12878_chr14:106706102-106783044
NOTICE: No evidence of parental origin for the putative de novo CNVs (de novo CN=1 in trio data/signal/affy6.tesla.NA12891 data/signal/affy6.tesla.NA12892 data/signal/affy6.scale.NA12878 ),affy6ceu_flanks_affy6.scale.NA12878_chr14:19689317-19975977
NOTICE: No evidence of parental origin for the putative de novo CNVs (de novo CN=1 in trio data/signal/affy6.tesla.NA12891 data/signal/affy6.tesla.NA12892 data/signal/affy6.scale.NA12878 ),affy6ceu_flanks_affy6.scale.NA12878_chr14:24452701-24489438
NOTICE: Evidence for parental origin for the putative de novo CNVs (de novo CN=1 in trio data/signal/affy6.tesla.NA12891 data/signal/affy6.tesla.NA12892 data/signal/affy6.scale.NA12878 ): Marker= 522 Paternal_origin(F)= 1 Maternal_origin(M)= 1 P-value= 1,affy6ceu_flanks_affy6.scale.NA12878_chr15:20262236-22588019
NOTICE: No evidence of parental origin for the putative de novo CNVs (de novo CN=1 in trio data/signal/affy6.tesla.NA12891 data/signal/affy6.tesla.NA12892 data/signal/affy6.scale.NA12878 ),affy6ceu_flanks_affy6.scale.NA12878_chr15:76891241-76895775
NOTICE: No evidence of parental origin for the putative de novo CNVs (de novo CN=1 in trio data/signal/affy6.tesla.NA12891 data/signal/affy6.tesla.NA12892 data/signal/affy6.scale.NA12878 ),affy6ceu_flanks_affy6.scale.NA12878_chr16:19945650-19967362
NOTICE: No evidence of parental origin for the putative de novo CNVs (de novo CN=1 in trio data/signal/affy6.tesla.NA12891 data/signal/affy6.tesla.NA12892 data/signal/affy6.scale.NA12878 ),affy6ceu_flanks_affy6.scale.NA12878_chr17:18355392-18474646
NOTICE: No evidence of parental origin for the putative de novo CNVs (de novo CN=1 in trio data/signal/affy6.tesla.NA12891 data/signal/affy6.tesla.NA12892 data/signal/affy6.scale.NA12878 ),affy6ceu_flanks_affy6.scale.NA12878_chr1:72768418-72811148
NOTICE: Evidence for parental origin for the putative de novo CNVs (de novo CN=1 in trio data/signal/affy6.tesla.NA12891 data/signal/affy6.tesla.NA12892 data/signal/affy6.scale.NA12878 ): Marker= 145 Paternal_origin(F)= 0 Maternal_origin(M)= 1 P-value= 1,affy6ceu_flanks_affy6.scale.NA12878_chr17:39421685-39430531
NOTICE: Evidence for parental origin for the putative de novo CNVs (de novo CN=3 in trio data/signal/affy6.tesla.NA12891 data/signal/affy6.tesla.NA12892 data/signal/affy6.scale.NA12878 ): Marker= 119 Paternal_origin(F)= 0 Maternal_origin(M)= 4 P-value= 0.125,affy6ceu_flanks_affy6.scale.NA12878_chr17:43655090-43664693
NOTICE: Evidence for parental origin for the putative de novo CNVs (de novo CN=3 in trio data/signal/affy6.tesla.NA12891 data/signal/affy6.tesla.NA12892 data/signal/affy6.scale.NA12878 ): Marker= 252 Paternal_origin(F)= 3 Maternal_origin(M)= 0 P-value= 0.25,affy6ceu_flanks_affy6.scale.NA12878_chr17:44161867-44353885
NOTICE: No evidence of parental origin for the putative de novo CNVs (de novo CN=1 in trio data/signal/affy6.tesla.NA12891 data/signal/affy6.tesla.NA12892 data/signal/affy6.scale.NA12878 ),affy6ceu_flanks_affy6.scale.NA12878_chr17:44394412-44752300
NOTICE: No evidence of parental origin for the putative de novo CNVs (de novo CN=1 in trio data/signal/affy6.tesla.NA12891 data/signal/affy6.tesla.NA12892 data/signal/affy6.scale.NA12878 ),affy6ceu_flanks_affy6.scale.NA12878_chr1:82170-98602
NOTICE: Evidence for parental origin for the putative de novo CNVs (de novo CN=1 in trio data/signal/affy6.tesla.NA12891 data/signal/affy6.tesla.NA12892 data/signal/affy6.scale.NA12878 ): Marker= 189 Paternal_origin(F)= 2 Maternal_origin(M)= 0 P-value= 0.5,affy6ceu_flanks_affy6.scale.NA12878_chr19:20596206-20716389
NOTICE: No evidence of parental origin for the putative de novo CNVs (de novo CN=1 in trio data/signal/affy6.tesla.NA12891 data/signal/affy6.tesla.NA12892 data/signal/affy6.scale.NA12878 ),affy6ceu_flanks_affy6.scale.NA12878_chr19:35663774-35664043
NOTICE: No evidence of parental origin for the putative de novo CNVs (de novo CN=1 in trio data/signal/affy6.tesla.NA12891 data/signal/affy6.tesla.NA12892 data/signal/affy6.scale.NA12878 ),affy6ceu_flanks_affy6.scale.NA12878_chr19:52142352-52148197
NOTICE: No evidence of parental origin for the putative de novo CNVs (de novo CN=1 in trio data/signal/affy6.tesla.NA12891 data/signal/affy6.tesla.NA12892 data/signal/affy6.scale.NA12878 ),affy6ceu_flanks_affy6.scale.NA12878_chr20:52647808-52662574
NOTICE: No evidence of parental origin for the putative de novo CNVs (de novo CN=1 in trio data/signal/affy6.tesla.NA12891 data/signal/affy6.tesla.NA12892 data/signal/affy6.scale.NA12878 ),affy6ceu_flanks_affy6.scale.NA12878_chr2:146864404-146866934
NOTICE: No evidence of parental origin for the putative de novo CNVs (de novo CN=1 in trio data/signal/affy6.tesla.NA12891 data/signal/affy6.tesla.NA12892 data/signal/affy6.scale.NA12878 ),affy6ceu_flanks_affy6.scale.NA12878_chr2:14703507-14710487
NOTICE: Evidence for parental origin for the putative de novo CNVs (de novo CN=1 in trio data/signal/affy6.tesla.NA12891 data/signal/affy6.tesla.NA12892 data/signal/affy6.scale.NA12878 ): Marker= 127 Paternal_origin(F)= 1 Maternal_origin(M)= 0 P-value= 1,affy6ceu_flanks_affy6.scale.NA12878_chr2:155824412-155828240
NOTICE: No evidence of parental origin for the putative de novo CNVs (de novo CN=1 in trio data/signal/affy6.tesla.NA12891 data/signal/affy6.tesla.NA12892 data/signal/affy6.scale.NA12878 ),affy6ceu_flanks_affy6.scale.NA12878_chr2:184085453-184089724
NOTICE: No evidence of parental origin for the putative de novo CNVs (de novo CN=1 in trio data/signal/affy6.tesla.NA12891 data/signal/affy6.tesla.NA12892 data/signal/affy6.scale.NA12878 ),affy6ceu_flanks_affy6.scale.NA12878_chr2:208354912-208359336
NOTICE: Evidence for parental origin for the putative de novo CNVs (de novo CN=1 in trio data/signal/affy6.tesla.NA12891 data/signal/affy6.tesla.NA12892 data/signal/affy6.scale.NA12878 ): Marker= 841 Paternal_origin(F)= 0 Maternal_origin(M)= 6 P-value= 0.03125,affy6ceu_flanks_affy6.scale.NA12878_chr22:22390895-23222291
NOTICE: Evidence for parental origin for the putative de novo CNVs (de novo CN=3 in trio data/signal/affy6.tesla.NA12891 data/signal/affy6.tesla.NA12892 data/signal/affy6.scale.NA12878 ): Marker= 137 Paternal_origin(F)= 4 Maternal_origin(M)= 2 P-value= 0.6875,affy6ceu_flanks_affy6.scale.NA12878_chr22:24344422-24396814
NOTICE: No evidence of parental origin for the putative de novo CNVs (de novo CN=1 in trio data/signal/affy6.tesla.NA12891 data/signal/affy6.tesla.NA12892 data/signal/affy6.scale.NA12878 ),affy6ceu_flanks_affy6.scale.NA12878_chr2:35975973-35987947
NOTICE: No evidence of parental origin for the putative de novo CNVs (de novo CN=1 in trio data/signal/affy6.tesla.NA12891 data/signal/affy6.tesla.NA12892 data/signal/affy6.scale.NA12878 ),affy6ceu_flanks_affy6.scale.NA12878_chr2:4213864-4223167
NOTICE: No evidence of parental origin for the putative de novo CNVs (de novo CN=1 in trio data/signal/affy6.tesla.NA12891 data/signal/affy6.tesla.NA12892 data/signal/affy6.scale.NA12878 ),affy6ceu_flanks_affy6.scale.NA12878_chr2:52754468-52781542
NOTICE: No evidence of parental origin for the putative de novo CNVs (de novo CN=1 in trio data/signal/affy6.tesla.NA12891 data/signal/affy6.tesla.NA12892 data/signal/affy6.scale.NA12878 ),affy6ceu_flanks_affy6.scale.NA12878_chr2:89136052-89157803
NOTICE: Evidence for parental origin for the putative de novo CNVs (de novo CN=1 in trio data/signal/affy6.tesla.NA12891 data/signal/affy6.tesla.NA12892 data/signal/affy6.scale.NA12878 ): Marker= 171 Paternal_origin(F)= 1 Maternal_origin(M)= 0 P-value= 1,affy6ceu_flanks_affy6.scale.NA12878_chr3:129763698-129806236
NOTICE: Evidence for parental origin for the putative de novo CNVs (de novo CN=3 in trio data/signal/affy6.tesla.NA12891 data/signal/affy6.tesla.NA12892 data/signal/affy6.scale.NA12878 ): Marker= 139 Paternal_origin(F)= 5 Maternal_origin(M)= 4 P-value= 1,affy6ceu_flanks_affy6.scale.NA12878_chr3:192877902-192882903
NOTICE: No evidence of parental origin for the putative de novo CNVs (de novo CN=1 in trio data/signal/affy6.tesla.NA12891 data/signal/affy6.tesla.NA12892 data/signal/affy6.scale.NA12878 ),affy6ceu_flanks_affy6.scale.NA12878_chr3:65189235-65210452
NOTICE: No evidence of parental origin for the putative de novo CNVs (de novo CN=1 in trio data/signal/affy6.tesla.NA12891 data/signal/affy6.tesla.NA12892 data/signal/affy6.scale.NA12878 ),affy6ceu_flanks_affy6.scale.NA12878_chr3:6651128-6653332
NOTICE: Evidence for parental origin for the putative de novo CNVs (de novo CN=3 in trio data/signal/affy6.tesla.NA12891 data/signal/affy6.tesla.NA12892 data/signal/affy6.scale.NA12878 ): Marker= 133 Paternal_origin(F)= 10 Maternal_origin(M)= 9 P-value= 1,affy6ceu_flanks_affy6.scale.NA12878_chr3:68746164-68747413
NOTICE: No evidence of parental origin for the putative de novo CNVs (de novo CN=1 in trio data/signal/affy6.tesla.NA12891 data/signal/affy6.tesla.NA12892 data/signal/affy6.scale.NA12878 ),affy6ceu_flanks_affy6.scale.NA12878_chr3:98944763-98950964
NOTICE: No evidence of parental origin for the putative de novo CNVs (de novo CN=1 in trio data/signal/affy6.tesla.NA12891 data/signal/affy6.tesla.NA12892 data/signal/affy6.scale.NA12878 ),affy6ceu_flanks_affy6.scale.NA12878_chr4:10392354-10400668
NOTICE: Evidence for parental origin for the putative de novo CNVs (de novo CN=3 in trio data/signal/affy6.tesla.NA12891 data/signal/affy6.tesla.NA12892 data/signal/affy6.scale.NA12878 ): Marker= 150 Paternal_origin(F)= 4 Maternal_origin(M)= 5 P-value= 1,affy6ceu_flanks_affy6.scale.NA12878_chr4:115175323-115184390
NOTICE: No evidence of parental origin for the putative de novo CNVs (de novo CN=1 in trio data/signal/affy6.tesla.NA12891 data/signal/affy6.tesla.NA12892 data/signal/affy6.scale.NA12878 ),affy6ceu_flanks_affy6.scale.NA12878_chr4:116172611-116180555
NOTICE: Evidence for parental origin for the putative de novo CNVs (de novo CN=1 in trio data/signal/affy6.tesla.NA12891 data/signal/affy6.tesla.NA12892 data/signal/affy6.scale.NA12878 ): Marker= 160 Paternal_origin(F)= 3 Maternal_origin(M)= 0 P-value= 0.25,affy6ceu_flanks_affy6.scale.NA12878_chr4:161052774-161070789
NOTICE: No evidence of parental origin for the putative de novo CNVs (de novo CN=3 in trio data/signal/affy6.tesla.NA12891 data/signal/affy6.tesla.NA12892 data/signal/affy6.scale.NA12878 ),affy6ceu_flanks_affy6.scale.NA12878_chr4:172374884-172377933
NOTICE: No evidence of parental origin for the putative de novo CNVs (de novo CN=1 in trio data/signal/affy6.tesla.NA12891 data/signal/affy6.tesla.NA12892 data/signal/affy6.scale.NA12878 ),affy6ceu_flanks_affy6.scale.NA12878_chr4:34786500-34824725
NOTICE: No evidence of parental origin for the putative de novo CNVs (de novo CN=1 in trio data/signal/affy6.tesla.NA12891 data/signal/affy6.tesla.NA12892 data/signal/affy6.scale.NA12878 ),affy6ceu_flanks_affy6.scale.NA12878_chr4:49291192-49309854
NOTICE: No evidence of parental origin for the putative de novo CNVs (de novo CN=1 in trio data/signal/affy6.tesla.NA12891 data/signal/affy6.tesla.NA12892 data/signal/affy6.scale.NA12878 ),affy6ceu_flanks_affy6.scale.NA12878_chr4:69360488-69489335
NOTICE: No evidence of parental origin for the putative de novo CNVs (de novo CN=1 in trio data/signal/affy6.tesla.NA12891 data/signal/affy6.tesla.NA12892 data/signal/affy6.scale.NA12878 ),affy6ceu_flanks_affy6.scale.NA12878_chr4:70131346-70224850
NOTICE: No evidence of parental origin for the putative de novo CNVs (de novo CN=1 in trio data/signal/affy6.tesla.NA12891 data/signal/affy6.tesla.NA12892 data/signal/affy6.scale.NA12878 ),affy6ceu_flanks_affy6.scale.NA12878_chr4:86974515-86980089
NOTICE: No evidence of parental origin for the putative de novo CNVs (de novo CN=1 in trio data/signal/affy6.tesla.NA12891 data/signal/affy6.tesla.NA12892 data/signal/affy6.scale.NA12878 ),affy6ceu_flanks_affy6.scale.NA12878_chr5:104433422-104498395
NOTICE: No evidence of parental origin for the putative de novo CNVs (de novo CN=1 in trio data/signal/affy6.tesla.NA12891 data/signal/affy6.tesla.NA12892 data/signal/affy6.scale.NA12878 ),affy6ceu_flanks_affy6.scale.NA12878_chr5:12815780-12820076
NOTICE: No evidence of parental origin for the putative de novo CNVs (de novo CN=1 in trio data/signal/affy6.tesla.NA12891 data/signal/affy6.tesla.NA12892 data/signal/affy6.scale.NA12878 ),affy6ceu_flanks_affy6.scale.NA12878_chr5:21445958-21454939
NOTICE: No evidence of parental origin for the putative de novo CNVs (de novo CN=1 in trio data/signal/affy6.tesla.NA12891 data/signal/affy6.tesla.NA12892 data/signal/affy6.scale.NA12878 ),affy6ceu_flanks_affy6.scale.NA12878_chr5:27525390-27526020
NOTICE: No evidence of parental origin for the putative de novo CNVs (de novo CN=1 in trio data/signal/affy6.tesla.NA12891 data/signal/affy6.tesla.NA12892 data/signal/affy6.scale.NA12878 ),affy6ceu_flanks_affy6.scale.NA12878_chr5:46271008-46273502
NOTICE: No evidence of parental origin for the putative de novo CNVs (de novo CN=1 in trio data/signal/affy6.tesla.NA12891 data/signal/affy6.tesla.NA12892 data/signal/affy6.scale.NA12878 ),affy6ceu_flanks_affy6.scale.NA12878_chr6:128828268-128829399
NOTICE: Evidence for parental origin for the putative de novo CNVs (de novo CN=3 in trio data/signal/affy6.tesla.NA12891 data/signal/affy6.tesla.NA12892 data/signal/affy6.scale.NA12878 ): Marker= 127 Paternal_origin(F)= 8 Maternal_origin(M)= 15 P-value= 0.210039615631104,affy6ceu_flanks_affy6.scale.NA12878_chr6:32508476-32544309
NOTICE: No evidence of parental origin for the putative de novo CNVs (de novo CN=1 in trio data/signal/affy6.tesla.NA12891 data/signal/affy6.tesla.NA12892 data/signal/affy6.scale.NA12878 ),affy6ceu_flanks_affy6.scale.NA12878_chr6:53931067-53931855
NOTICE: No evidence of parental origin for the putative de novo CNVs (de novo CN=1 in trio data/signal/affy6.tesla.NA12891 data/signal/affy6.tesla.NA12892 data/signal/affy6.scale.NA12878 ),affy6ceu_flanks_affy6.scale.NA12878_chr6:55826155-55843660
NOTICE: No evidence of parental origin for the putative de novo CNVs (de novo CN=1 in trio data/signal/affy6.tesla.NA12891 data/signal/affy6.tesla.NA12892 data/signal/affy6.scale.NA12878 ),affy6ceu_flanks_affy6.scale.NA12878_chr6:66399482-66403852
NOTICE: Evidence for parental origin for the putative de novo CNVs (de novo CN=1 in trio data/signal/affy6.tesla.NA12891 data/signal/affy6.tesla.NA12892 data/signal/affy6.scale.NA12878 ): Marker= 176 Paternal_origin(F)= 0 Maternal_origin(M)= 1 P-value= 1,affy6ceu_flanks_affy6.scale.NA12878_chr6:67008811-67048629
NOTICE: No evidence of parental origin for the putative de novo CNVs (de novo CN=1 in trio data/signal/affy6.tesla.NA12891 data/signal/affy6.tesla.NA12892 data/signal/affy6.scale.NA12878 ),affy6ceu_flanks_affy6.scale.NA12878_chr6:78969065-79032592
NOTICE: No evidence of parental origin for the putative de novo CNVs (de novo CN=1 in trio data/signal/affy6.tesla.NA12891 data/signal/affy6.tesla.NA12892 data/signal/affy6.scale.NA12878 ),affy6ceu_flanks_affy6.scale.NA12878_chr7:126045482-126046881
NOTICE: No evidence of parental origin for the putative de novo CNVs (de novo CN=1 in trio data/signal/affy6.tesla.NA12891 data/signal/affy6.tesla.NA12892 data/signal/affy6.scale.NA12878 ),affy6ceu_flanks_affy6.scale.NA12878_chr7:141769643-141792107
NOTICE: Evidence for parental origin for the putative de novo CNVs (de novo CN=3 in trio data/signal/affy6.tesla.NA12891 data/signal/affy6.tesla.NA12892 data/signal/affy6.scale.NA12878 ): Marker= 152 Paternal_origin(F)= 3 Maternal_origin(M)= 4 P-value= 1,affy6ceu_flanks_affy6.scale.NA12878_chr7:142474623-142486560
NOTICE: No evidence of parental origin for the putative de novo CNVs (de novo CN=3 in trio data/signal/affy6.tesla.NA12891 data/signal/affy6.tesla.NA12892 data/signal/affy6.scale.NA12878 ),affy6ceu_flanks_affy6.scale.NA12878_chr7:64594065-64651640
NOTICE: Evidence for parental origin for the putative de novo CNVs (de novo CN=3 in trio data/signal/affy6.tesla.NA12891 data/signal/affy6.tesla.NA12892 data/signal/affy6.scale.NA12878 ): Marker= 130 Paternal_origin(F)= 3 Maternal_origin(M)= 3 P-value= 1,affy6ceu_flanks_affy6.scale.NA12878_chr7:882659-901383
NOTICE: No evidence of parental origin for the putative de novo CNVs (de novo CN=1 in trio data/signal/affy6.tesla.NA12891 data/signal/affy6.tesla.NA12892 data/signal/affy6.scale.NA12878 ),affy6ceu_flanks_affy6.scale.NA12878_chr7:97395460-97402475
NOTICE: No evidence of parental origin for the putative de novo CNVs (de novo CN=1 in trio data/signal/affy6.tesla.NA12891 data/signal/affy6.tesla.NA12892 data/signal/affy6.scale.NA12878 ),affy6ceu_flanks_affy6.scale.NA12878_chr8:112291352-112295260
NOTICE: No evidence of parental origin for the putative de novo CNVs (de novo CN=1 in trio data/signal/affy6.tesla.NA12891 data/signal/affy6.tesla.NA12892 data/signal/affy6.scale.NA12878 ),affy6ceu_flanks_affy6.scale.NA12878_chr8:12216009-12247486
NOTICE: No evidence of parental origin for the putative de novo CNVs (de novo CN=1 in trio data/signal/affy6.tesla.NA12891 data/signal/affy6.tesla.NA12892 data/signal/affy6.scale.NA12878 ),affy6ceu_flanks_affy6.scale.NA12878_chr8:24974443-24984333
NOTICE: No evidence of parental origin for the putative de novo CNVs (de novo CN=1 in trio data/signal/affy6.tesla.NA12891 data/signal/affy6.tesla.NA12892 data/signal/affy6.scale.NA12878 ),affy6ceu_flanks_affy6.scale.NA12878_chr8:39235603-39386965
NOTICE: Evidence for parental origin for the putative de novo CNVs (de novo CN=3 in trio data/signal/affy6.tesla.NA12891 data/signal/affy6.tesla.NA12892 data/signal/affy6.scale.NA12878 ): Marker= 127 Paternal_origin(F)= 9 Maternal_origin(M)= 6 P-value= 0.60723876953125,affy6ceu_flanks_affy6.scale.NA12878_chr8:5079038-5079254
NOTICE: Evidence for parental origin for the putative de novo CNVs (de novo CN=3 in trio data/signal/affy6.tesla.NA12891 data/signal/affy6.tesla.NA12892 data/signal/affy6.scale.NA12878 ): Marker= 140 Paternal_origin(F)= 4 Maternal_origin(M)= 2 P-value= 0.6875,affy6ceu_flanks_affy6.scale.NA12878_chr8:7214611-7238019
NOTICE: Evidence for parental origin for the putative de novo CNVs (de novo CN=3 in trio data/signal/affy6.tesla.NA12891 data/signal/affy6.tesla.NA12892 data/signal/affy6.scale.NA12878 ): Marker= 224 Paternal_origin(F)= 5 Maternal_origin(M)= 9 P-value= 0.4239501953125,affy6ceu_flanks_affy6.scale.NA12878_chr9:38787493-39342825
NOTICE: Evidence for parental origin for the putative de novo CNVs (de novo CN=3 in trio data/signal/affy6.tesla.NA12891 data/signal/affy6.tesla.NA12892 data/signal/affy6.scale.NA12878 ): Marker= 139 Paternal_origin(F)= 1 Maternal_origin(M)= 1 P-value= 1,affy6ceu_flanks_affy6.scale.NA12878_chr9:41692297-42136026
NOTICE: Evidence for parental origin for the putative de novo CNVs (de novo CN=3 in trio data/signal/affy6.tesla.NA12891 data/signal/affy6.tesla.NA12892 data/signal/affy6.scale.NA12878 ): Marker= 162 Paternal_origin(F)= 1 Maternal_origin(M)= 2 P-value= 1,affy6ceu_flanks_affy6.scale.NA12878_chr9:45368770-46063936
NOTICE: No evidence of parental origin for the putative de novo CNVs (de novo CN=1 in trio data/signal/affy6.tesla.NA12891 data/signal/affy6.tesla.NA12892 data/signal/affy6.scale.NA12878 ),affy6ceu_flanks_affy6.scale.NA12878_chr9:68186051-68188547
NOTICE: No evidence of parental origin for the putative de novo CNVs (de novo CN=3 in trio data/signal/affy6.tesla.NA12891 data/signal/affy6.tesla.NA12892 data/signal/affy6.scale.NA12878 ),affy6ceu_flanks_affy6.scale.NA12878_chr9:79770398-79777404
NOTICE: No evidence of parental origin for the putative de novo CNVs (de novo CN=1 in trio data/signal/affy6.gigas.NA12891 data/signal/affy6.shelf.NA12892 data/signal/affy6.tesla.NA12878 ),affy6ceu_flanks_affy6.tesla.NA12878_chr10:17880968-17949857
NOTICE: Evidence for parental origin for the putative de novo CNVs (de novo CN=3 in trio data/signal/affy6.gigas.NA12891 data/signal/affy6.shelf.NA12892 data/signal/affy6.tesla.NA12878 ): Marker= 134 Paternal_origin(F)= 0 Maternal_origin(M)= 1 P-value= 1,affy6ceu_flanks_affy6.tesla.NA12878_chr10:18882774-18890533
NOTICE: No evidence of parental origin for the putative de novo CNVs (de novo CN=1 in trio data/signal/affy6.gigas.NA12891 data/signal/affy6.shelf.NA12892 data/signal/affy6.tesla.NA12878 ),affy6ceu_flanks_affy6.tesla.NA12878_chr10:47074891-47103613
NOTICE: No evidence of parental origin for the putative de novo CNVs (de novo CN=1 in trio data/signal/affy6.gigas.NA12891 data/signal/affy6.shelf.NA12892 data/signal/affy6.tesla.NA12878 ),affy6ceu_flanks_affy6.tesla.NA12878_chr10:59210505-59212782
NOTICE: Evidence for parental origin for the putative de novo CNVs (de novo CN=3 in trio data/signal/affy6.gigas.NA12891 data/signal/affy6.shelf.NA12892 data/signal/affy6.tesla.NA12878 ): Marker= 136 Paternal_origin(F)= 15 Maternal_origin(M)= 11 P-value= 0.557197093963623,affy6ceu_flanks_affy6.tesla.NA12878_chr1:106019205-106022375
NOTICE: No evidence of parental origin for the putative de novo CNVs (de novo CN=3 in trio data/signal/affy6.gigas.NA12891 data/signal/affy6.shelf.NA12892 data/signal/affy6.tesla.NA12878 ),affy6ceu_flanks_affy6.tesla.NA12878_chr11:50343842-50382437
NOTICE: Evidence for parental origin for the putative de novo CNVs (de novo CN=3 in trio data/signal/affy6.gigas.NA12891 data/signal/affy6.shelf.NA12892 data/signal/affy6.tesla.NA12878 ): Marker= 122 Paternal_origin(F)= 5 Maternal_origin(M)= 4 P-value= 1,affy6ceu_flanks_affy6.tesla.NA12878_chr1:152552754-152553026
NOTICE: No evidence of parental origin for the putative de novo CNVs (de novo CN=1 in trio data/signal/affy6.gigas.NA12891 data/signal/affy6.shelf.NA12892 data/signal/affy6.tesla.NA12878 ),affy6ceu_flanks_affy6.tesla.NA12878_chr1:152759678-152768700
NOTICE: No evidence of parental origin for the putative de novo CNVs (de novo CN=1 in trio data/signal/affy6.gigas.NA12891 data/signal/affy6.shelf.NA12892 data/signal/affy6.tesla.NA12878 ),affy6ceu_flanks_affy6.tesla.NA12878_chr1:16153497-16155010
NOTICE: Evidence for parental origin for the putative de novo CNVs (de novo CN=1 in trio data/signal/affy6.gigas.NA12891 data/signal/affy6.shelf.NA12892 data/signal/affy6.tesla.NA12878 ): Marker= 199 Paternal_origin(F)= 0 Maternal_origin(M)= 8 P-value= 0.0078125,affy6ceu_flanks_affy6.tesla.NA12878_chr1:189706245-189781569
NOTICE: Evidence for parental origin for the putative de novo CNVs (de novo CN=3 in trio data/signal/affy6.gigas.NA12891 data/signal/affy6.shelf.NA12892 data/signal/affy6.tesla.NA12878 ): Marker= 213 Paternal_origin(F)= 1 Maternal_origin(M)= 1 P-value= 1,affy6ceu_flanks_affy6.tesla.NA12878_chr1:196727850-196802072
NOTICE: Evidence for parental origin for the putative de novo CNVs (de novo CN=3 in trio data/signal/affy6.gigas.NA12891 data/signal/affy6.shelf.NA12892 data/signal/affy6.tesla.NA12878 ): Marker= 130 Paternal_origin(F)= 15 Maternal_origin(M)= 5 P-value= 0.0413894653320312,affy6ceu_flanks_affy6.tesla.NA12878_chr12:132343928-132377083
NOTICE: No evidence of parental origin for the putative de novo CNVs (de novo CN=3 in trio data/signal/affy6.gigas.NA12891 data/signal/affy6.shelf.NA12892 data/signal/affy6.tesla.NA12878 ),affy6ceu_flanks_affy6.tesla.NA12878_chr12:33373749-33399087
NOTICE: No evidence of parental origin for the putative de novo CNVs (de novo CN=1 in trio data/signal/affy6.gigas.NA12891 data/signal/affy6.shelf.NA12892 data/signal/affy6.tesla.NA12878 ),affy6ceu_flanks_affy6.tesla.NA12878_chr12:378729-385092
NOTICE: No evidence of parental origin for the putative de novo CNVs (de novo CN=1 in trio data/signal/affy6.gigas.NA12891 data/signal/affy6.shelf.NA12892 data/signal/affy6.tesla.NA12878 ),affy6ceu_flanks_affy6.tesla.NA12878_chr1:248794464-248810646
NOTICE: No evidence of parental origin for the putative de novo CNVs (de novo CN=1 in trio data/signal/affy6.gigas.NA12891 data/signal/affy6.shelf.NA12892 data/signal/affy6.tesla.NA12878 ),affy6ceu_flanks_affy6.tesla.NA12878_chr12:9633870-9728292
NOTICE: Evidence for parental origin for the putative de novo CNVs (de novo CN=3 in trio data/signal/affy6.gigas.NA12891 data/signal/affy6.shelf.NA12892 data/signal/affy6.tesla.NA12878 ): Marker= 157 Paternal_origin(F)= 5 Maternal_origin(M)= 7 P-value= 0.7744140625,affy6ceu_flanks_affy6.tesla.NA12878_chr13:55691382-55695583
NOTICE: No evidence of parental origin for the putative de novo CNVs (de novo CN=1 in trio data/signal/affy6.gigas.NA12891 data/signal/affy6.shelf.NA12892 data/signal/affy6.tesla.NA12878 ),affy6ceu_flanks_affy6.tesla.NA12878_chr14:106796025-106821736
NOTICE: Evidence for parental origin for the putative de novo CNVs (de novo CN=3 in trio data/signal/affy6.gigas.NA12891 data/signal/affy6.shelf.NA12892 data/signal/affy6.tesla.NA12878 ): Marker= 228 Paternal_origin(F)= 0 Maternal_origin(M)= 1 P-value= 1,affy6ceu_flanks_affy6.tesla.NA12878_chr14:106825916-106991033
NOTICE: No evidence of parental origin for the putative de novo CNVs (de novo CN=1 in trio data/signal/affy6.gigas.NA12891 data/signal/affy6.shelf.NA12892 data/signal/affy6.tesla.NA12878 ),affy6ceu_flanks_affy6.tesla.NA12878_chr14:19844107-20037146
NOTICE: Evidence for parental origin for the putative de novo CNVs (de novo CN=1 in trio data/signal/affy6.gigas.NA12891 data/signal/affy6.shelf.NA12892 data/signal/affy6.tesla.NA12878 ): Marker= 426 Paternal_origin(F)= 1 Maternal_origin(M)= 1 P-value= 1,affy6ceu_flanks_affy6.tesla.NA12878_chr15:20440538-22441747
NOTICE: No evidence of parental origin for the putative de novo CNVs (de novo CN=1 in trio data/signal/affy6.gigas.NA12891 data/signal/affy6.shelf.NA12892 data/signal/affy6.tesla.NA12878 ),affy6ceu_flanks_affy6.tesla.NA12878_chr15:76891241-76895775
NOTICE: No evidence of parental origin for the putative de novo CNVs (de novo CN=1 in trio data/signal/affy6.gigas.NA12891 data/signal/affy6.shelf.NA12892 data/signal/affy6.tesla.NA12878 ),affy6ceu_flanks_affy6.tesla.NA12878_chr16:19945650-19967362
NOTICE: Evidence for parental origin for the putative de novo CNVs (de novo CN=3 in trio data/signal/affy6.gigas.NA12891 data/signal/affy6.shelf.NA12892 data/signal/affy6.tesla.NA12878 ): Marker= 297 Paternal_origin(F)= 1 Maternal_origin(M)= 0 P-value= 1,affy6ceu_flanks_affy6.tesla.NA12878_chr16:34466571-34768287
NOTICE: No evidence of parental origin for the putative de novo CNVs (de novo CN=1 in trio data/signal/affy6.gigas.NA12891 data/signal/affy6.shelf.NA12892 data/signal/affy6.tesla.NA12878 ),affy6ceu_flanks_affy6.tesla.NA12878_chr1:72768418-72811148
NOTICE: No evidence of parental origin for the putative de novo CNVs (de novo CN=1 in trio data/signal/affy6.gigas.NA12891 data/signal/affy6.shelf.NA12892 data/signal/affy6.tesla.NA12878 ),affy6ceu_flanks_affy6.tesla.NA12878_chr17:39421685-39430531
NOTICE: Evidence for parental origin for the putative de novo CNVs (de novo CN=3 in trio data/signal/affy6.gigas.NA12891 data/signal/affy6.shelf.NA12892 data/signal/affy6.tesla.NA12878 ): Marker= 241 Paternal_origin(F)= 2 Maternal_origin(M)= 0 P-value= 0.5,affy6ceu_flanks_affy6.tesla.NA12878_chr17:44163098-44348298
NOTICE: Evidence for parental origin for the putative de novo CNVs (de novo CN=3 in trio data/signal/affy6.gigas.NA12891 data/signal/affy6.shelf.NA12892 data/signal/affy6.tesla.NA12878 ): Marker= 163 Paternal_origin(F)= 2 Maternal_origin(M)= 4 P-value= 0.6875,affy6ceu_flanks_affy6.tesla.NA12878_chr20:1561580-1593893
NOTICE: No evidence of parental origin for the putative de novo CNVs (de novo CN=1 in trio data/signal/affy6.gigas.NA12891 data/signal/affy6.shelf.NA12892 data/signal/affy6.tesla.NA12878 ),affy6ceu_flanks_affy6.tesla.NA12878_chr20:52651154-52658651
NOTICE: Evidence for parental origin for the putative de novo CNVs (de novo CN=3 in trio data/signal/affy6.gigas.NA12891 data/signal/affy6.shelf.NA12892 data/signal/affy6.tesla.NA12878 ): Marker= 131 Paternal_origin(F)= 2 Maternal_origin(M)= 2 P-value= 1,affy6ceu_flanks_affy6.tesla.NA12878_chr2:106880095-106885357
NOTICE: No evidence of parental origin for the putative de novo CNVs (de novo CN=1 in trio data/signal/affy6.gigas.NA12891 data/signal/affy6.shelf.NA12892 data/signal/affy6.tesla.NA12878 ),affy6ceu_flanks_affy6.tesla.NA12878_chr21:10736871-10971566
NOTICE: No evidence of parental origin for the putative de novo CNVs (de novo CN=1 in trio data/signal/affy6.gigas.NA12891 data/signal/affy6.shelf.NA12892 data/signal/affy6.tesla.NA12878 ),affy6ceu_flanks_affy6.tesla.NA12878_chr2:146864404-146866934
NOTICE: No evidence of parental origin for the putative de novo CNVs (de novo CN=1 in trio data/signal/affy6.gigas.NA12891 data/signal/affy6.shelf.NA12892 data/signal/affy6.tesla.NA12878 ),affy6ceu_flanks_affy6.tesla.NA12878_chr2:14704949-14710092
NOTICE: Evidence for parental origin for the putative de novo CNVs (de novo CN=1 in trio data/signal/affy6.gigas.NA12891 data/signal/affy6.shelf.NA12892 data/signal/affy6.tesla.NA12878 ): Marker= 125 Paternal_origin(F)= 0 Maternal_origin(M)= 1 P-value= 1,affy6ceu_flanks_affy6.tesla.NA12878_chr2:154808546-154808709
NOTICE: Evidence for parental origin for the putative de novo CNVs (de novo CN=1 in trio data/signal/affy6.gigas.NA12891 data/signal/affy6.shelf.NA12892 data/signal/affy6.tesla.NA12878 ): Marker= 542 Paternal_origin(F)= 0 Maternal_origin(M)= 4 P-value= 0.125,affy6ceu_flanks_affy6.tesla.NA12878_chr22:22552721-23222291
NOTICE: No evidence of parental origin for the putative de novo CNVs (de novo CN=1 in trio data/signal/affy6.gigas.NA12891 data/signal/affy6.shelf.NA12892 data/signal/affy6.tesla.NA12878 ),affy6ceu_flanks_affy6.tesla.NA12878_chr2:34699315-34737163
NOTICE: No evidence of parental origin for the putative de novo CNVs (de novo CN=1 in trio data/signal/affy6.gigas.NA12891 data/signal/affy6.shelf.NA12892 data/signal/affy6.tesla.NA12878 ),affy6ceu_flanks_affy6.tesla.NA12878_chr2:35975973-35987947
NOTICE: No evidence of parental origin for the putative de novo CNVs (de novo CN=1 in trio data/signal/affy6.gigas.NA12891 data/signal/affy6.shelf.NA12892 data/signal/affy6.tesla.NA12878 ),affy6ceu_flanks_affy6.tesla.NA12878_chr2:52754468-52781542
NOTICE: No evidence of parental origin for the putative de novo CNVs (de novo CN=1 in trio data/signal/affy6.gigas.NA12891 data/signal/affy6.shelf.NA12892 data/signal/affy6.tesla.NA12878 ),affy6ceu_flanks_affy6.tesla.NA12878_chr2:89136052-89157803
NOTICE: No evidence of parental origin for the putative de novo CNVs (de novo CN=3 in trio data/signal/affy6.gigas.NA12891 data/signal/affy6.shelf.NA12892 data/signal/affy6.tesla.NA12878 ),affy6ceu_flanks_affy6.tesla.NA12878_chr2:89161265-89369338
NOTICE: No evidence of parental origin for the putative de novo CNVs (de novo CN=1 in trio data/signal/affy6.gigas.NA12891 data/signal/affy6.shelf.NA12892 data/signal/affy6.tesla.NA12878 ),affy6ceu_flanks_affy6.tesla.NA12878_chr2:98063372-98162189
NOTICE: Evidence for parental origin for the putative de novo CNVs (de novo CN=3 in trio data/signal/affy6.gigas.NA12891 data/signal/affy6.shelf.NA12892 data/signal/affy6.tesla.NA12878 ): Marker= 133 Paternal_origin(F)= 0 Maternal_origin(M)= 3 P-value= 0.25,affy6ceu_flanks_affy6.tesla.NA12878_chr3:12701396-12720017
NOTICE: No evidence of parental origin for the putative de novo CNVs (de novo CN=1 in trio data/signal/affy6.gigas.NA12891 data/signal/affy6.shelf.NA12892 data/signal/affy6.tesla.NA12878 ),affy6ceu_flanks_affy6.tesla.NA12878_chr3:129763698-129806236
NOTICE: Evidence for parental origin for the putative de novo CNVs (de novo CN=3 in trio data/signal/affy6.gigas.NA12891 data/signal/affy6.shelf.NA12892 data/signal/affy6.tesla.NA12878 ): Marker= 139 Paternal_origin(F)= 6 Maternal_origin(M)= 7 P-value= 1,affy6ceu_flanks_affy6.tesla.NA12878_chr3:192877902-192882903
NOTICE: No evidence of parental origin for the putative de novo CNVs (de novo CN=1 in trio data/signal/affy6.gigas.NA12891 data/signal/affy6.shelf.NA12892 data/signal/affy6.tesla.NA12878 ),affy6ceu_flanks_affy6.tesla.NA12878_chr3:65189235-65210452
NOTICE: No evidence of parental origin for the putative de novo CNVs (de novo CN=1 in trio data/signal/affy6.gigas.NA12891 data/signal/affy6.shelf.NA12892 data/signal/affy6.tesla.NA12878 ),affy6ceu_flanks_affy6.tesla.NA12878_chr3:6651128-6653332
NOTICE: Evidence for parental origin for the putative de novo CNVs (de novo CN=3 in trio data/signal/affy6.gigas.NA12891 data/signal/affy6.shelf.NA12892 data/signal/affy6.tesla.NA12878 ): Marker= 133 Paternal_origin(F)= 10 Maternal_origin(M)= 8 P-value= 0.814529418945312,affy6ceu_flanks_affy6.tesla.NA12878_chr3:68746164-68747413
NOTICE: Evidence for parental origin for the putative de novo CNVs (de novo CN=3 in trio data/signal/affy6.gigas.NA12891 data/signal/affy6.shelf.NA12892 data/signal/affy6.tesla.NA12878 ): Marker= 127 Paternal_origin(F)= 5 Maternal_origin(M)= 5 P-value= 1,affy6ceu_flanks_affy6.tesla.NA12878_chr4:104751630-104751645
NOTICE: Evidence for parental origin for the putative de novo CNVs (de novo CN=3 in trio data/signal/affy6.gigas.NA12891 data/signal/affy6.shelf.NA12892 data/signal/affy6.tesla.NA12878 ): Marker= 150 Paternal_origin(F)= 6 Maternal_origin(M)= 4 P-value= 0.75390625,affy6ceu_flanks_affy6.tesla.NA12878_chr4:115175323-115184390
NOTICE: No evidence of parental origin for the putative de novo CNVs (de novo CN=3 in trio data/signal/affy6.gigas.NA12891 data/signal/affy6.shelf.NA12892 data/signal/affy6.tesla.NA12878 ),affy6ceu_flanks_affy6.tesla.NA12878_chr4:128702602-128707166
NOTICE: Evidence for parental origin for the putative de novo CNVs (de novo CN=3 in trio data/signal/affy6.gigas.NA12891 data/signal/affy6.shelf.NA12892 data/signal/affy6.tesla.NA12878 ): Marker= 175 Paternal_origin(F)= 3 Maternal_origin(M)= 2 P-value= 1,affy6ceu_flanks_affy6.tesla.NA12878_chr4:151845838-151884310
NOTICE: Evidence for parental origin for the putative de novo CNVs (de novo CN=1 in trio data/signal/affy6.gigas.NA12891 data/signal/affy6.shelf.NA12892 data/signal/affy6.tesla.NA12878 ): Marker= 160 Paternal_origin(F)= 2 Maternal_origin(M)= 0 P-value= 0.5,affy6ceu_flanks_affy6.tesla.NA12878_chr4:161052774-161070789
NOTICE: No evidence of parental origin for the putative de novo CNVs (de novo CN=1 in trio data/signal/affy6.gigas.NA12891 data/signal/affy6.shelf.NA12892 data/signal/affy6.tesla.NA12878 ),affy6ceu_flanks_affy6.tesla.NA12878_chr4:161880018-161884396
NOTICE: No evidence of parental origin for the putative de novo CNVs (de novo CN=3 in trio data/signal/affy6.gigas.NA12891 data/signal/affy6.shelf.NA12892 data/signal/affy6.tesla.NA12878 ),affy6ceu_flanks_affy6.tesla.NA12878_chr4:172374884-172377933
NOTICE: No evidence of parental origin for the putative de novo CNVs (de novo CN=1 in trio data/signal/affy6.gigas.NA12891 data/signal/affy6.shelf.NA12892 data/signal/affy6.tesla.NA12878 ),affy6ceu_flanks_affy6.tesla.NA12878_chr4:34786500-34824725
NOTICE: No evidence of parental origin for the putative de novo CNVs (de novo CN=1 in trio data/signal/affy6.gigas.NA12891 data/signal/affy6.shelf.NA12892 data/signal/affy6.tesla.NA12878 ),affy6ceu_flanks_affy6.tesla.NA12878_chr4:69360488-69489335
NOTICE: No evidence of parental origin for the putative de novo CNVs (de novo CN=1 in trio data/signal/affy6.gigas.NA12891 data/signal/affy6.shelf.NA12892 data/signal/affy6.tesla.NA12878 ),affy6ceu_flanks_affy6.tesla.NA12878_chr4:86974515-86980089
NOTICE: No evidence of parental origin for the putative de novo CNVs (de novo CN=1 in trio data/signal/affy6.gigas.NA12891 data/signal/affy6.shelf.NA12892 data/signal/affy6.tesla.NA12878 ),affy6ceu_flanks_affy6.tesla.NA12878_chr4:9456977-9479345
NOTICE: No evidence of parental origin for the putative de novo CNVs (de novo CN=1 in trio data/signal/affy6.gigas.NA12891 data/signal/affy6.shelf.NA12892 data/signal/affy6.tesla.NA12878 ),affy6ceu_flanks_affy6.tesla.NA12878_chr5:104433422-104498395
NOTICE: No evidence of parental origin for the putative de novo CNVs (de novo CN=1 in trio data/signal/affy6.gigas.NA12891 data/signal/affy6.shelf.NA12892 data/signal/affy6.tesla.NA12878 ),affy6ceu_flanks_affy6.tesla.NA12878_chr5:46271008-46273502
NOTICE: No evidence of parental origin for the putative de novo CNVs (de novo CN=1 in trio data/signal/affy6.gigas.NA12891 data/signal/affy6.shelf.NA12892 data/signal/affy6.tesla.NA12878 ),affy6ceu_flanks_affy6.tesla.NA12878_chr5:717379-773568
NOTICE: No evidence of parental origin for the putative de novo CNVs (de novo CN=1 in trio data/signal/affy6.gigas.NA12891 data/signal/affy6.shelf.NA12892 data/signal/affy6.tesla.NA12878 ),affy6ceu_flanks_affy6.tesla.NA12878_chr6:128828268-128829399
NOTICE: No evidence of parental origin for the putative de novo CNVs (de novo CN=1 in trio data/signal/affy6.gigas.NA12891 data/signal/affy6.shelf.NA12892 data/signal/affy6.tesla.NA12878 ),affy6ceu_flanks_affy6.tesla.NA12878_chr6:53931067-53931855
NOTICE: No evidence of parental origin for the putative de novo CNVs (de novo CN=1 in trio data/signal/affy6.gigas.NA12891 data/signal/affy6.shelf.NA12892 data/signal/affy6.tesla.NA12878 ),affy6ceu_flanks_affy6.tesla.NA12878_chr6:66399482-66403852
NOTICE: Evidence for parental origin for the putative de novo CNVs (de novo CN=1 in trio data/signal/affy6.gigas.NA12891 data/signal/affy6.shelf.NA12892 data/signal/affy6.tesla.NA12878 ): Marker= 176 Paternal_origin(F)= 0 Maternal_origin(M)= 1 P-value= 1,affy6ceu_flanks_affy6.tesla.NA12878_chr6:67008811-67048629
NOTICE: No evidence of parental origin for the putative de novo CNVs (de novo CN=1 in trio data/signal/affy6.gigas.NA12891 data/signal/affy6.shelf.NA12892 data/signal/affy6.tesla.NA12878 ),affy6ceu_flanks_affy6.tesla.NA12878_chr6:79023458-79035185
NOTICE: Evidence for parental origin for the putative de novo CNVs (de novo CN=3 in trio data/signal/affy6.gigas.NA12891 data/signal/affy6.shelf.NA12892 data/signal/affy6.tesla.NA12878 ): Marker= 157 Paternal_origin(F)= 0 Maternal_origin(M)= 3 P-value= 0.25,affy6ceu_flanks_affy6.tesla.NA12878_chr7:109437092-109454271
NOTICE: Evidence for parental origin for the putative de novo CNVs (de novo CN=3 in trio data/signal/affy6.gigas.NA12891 data/signal/affy6.shelf.NA12892 data/signal/affy6.tesla.NA12878 ): Marker= 130 Paternal_origin(F)= 2 Maternal_origin(M)= 0 P-value= 0.5,affy6ceu_flanks_affy6.tesla.NA12878_chr7:116391353-116391594
NOTICE: No evidence of parental origin for the putative de novo CNVs (de novo CN=1 in trio data/signal/affy6.gigas.NA12891 data/signal/affy6.shelf.NA12892 data/signal/affy6.tesla.NA12878 ),affy6ceu_flanks_affy6.tesla.NA12878_chr7:126045482-126046881
NOTICE: Evidence for parental origin for the putative de novo CNVs (de novo CN=3 in trio data/signal/affy6.gigas.NA12891 data/signal/affy6.shelf.NA12892 data/signal/affy6.tesla.NA12878 ): Marker= 147 Paternal_origin(F)= 1 Maternal_origin(M)= 0 P-value= 1,affy6ceu_flanks_affy6.tesla.NA12878_chr7:140575913-140594085
NOTICE: Evidence for parental origin for the putative de novo CNVs (de novo CN=3 in trio data/signal/affy6.gigas.NA12891 data/signal/affy6.shelf.NA12892 data/signal/affy6.tesla.NA12878 ): Marker= 158 Paternal_origin(F)= 1 Maternal_origin(M)= 4 P-value= 0.375,affy6ceu_flanks_affy6.tesla.NA12878_chr7:142476565-142493650
NOTICE: No evidence of parental origin for the putative de novo CNVs (de novo CN=1 in trio data/signal/affy6.gigas.NA12891 data/signal/affy6.shelf.NA12892 data/signal/affy6.tesla.NA12878 ),affy6ceu_flanks_affy6.tesla.NA12878_chr7:54373148-54386517
NOTICE: No evidence of parental origin for the putative de novo CNVs (de novo CN=3 in trio data/signal/affy6.gigas.NA12891 data/signal/affy6.shelf.NA12892 data/signal/affy6.tesla.NA12878 ),affy6ceu_flanks_affy6.tesla.NA12878_chr7:64637128-64651640
NOTICE: Evidence for parental origin for the putative de novo CNVs (de novo CN=3 in trio data/signal/affy6.gigas.NA12891 data/signal/affy6.shelf.NA12892 data/signal/affy6.tesla.NA12878 ): Marker= 130 Paternal_origin(F)= 3 Maternal_origin(M)= 5 P-value= 0.7265625,affy6ceu_flanks_affy6.tesla.NA12878_chr7:882659-901383
NOTICE: No evidence of parental origin for the putative de novo CNVs (de novo CN=1 in trio data/signal/affy6.gigas.NA12891 data/signal/affy6.shelf.NA12892 data/signal/affy6.tesla.NA12878 ),affy6ceu_flanks_affy6.tesla.NA12878_chr7:97395460-97402475
NOTICE: No evidence of parental origin for the putative de novo CNVs (de novo CN=1 in trio data/signal/affy6.gigas.NA12891 data/signal/affy6.shelf.NA12892 data/signal/affy6.tesla.NA12878 ),affy6ceu_flanks_affy6.tesla.NA12878_chr8:12216009-12247486
NOTICE: Evidence for parental origin for the putative de novo CNVs (de novo CN=3 in trio data/signal/affy6.gigas.NA12891 data/signal/affy6.shelf.NA12892 data/signal/affy6.tesla.NA12878 ): Marker= 142 Paternal_origin(F)= 2 Maternal_origin(M)= 4 P-value= 0.6875,affy6ceu_flanks_affy6.tesla.NA12878_chr8:38102630-38106579
NOTICE: No evidence of parental origin for the putative de novo CNVs (de novo CN=1 in trio data/signal/affy6.gigas.NA12891 data/signal/affy6.shelf.NA12892 data/signal/affy6.tesla.NA12878 ),affy6ceu_flanks_affy6.tesla.NA12878_chr8:39235603-39386965
NOTICE: Evidence for parental origin for the putative de novo CNVs (de novo CN=3 in trio data/signal/affy6.gigas.NA12891 data/signal/affy6.shelf.NA12892 data/signal/affy6.tesla.NA12878 ): Marker= 140 Paternal_origin(F)= 1 Maternal_origin(M)= 3 P-value= 0.625,affy6ceu_flanks_affy6.tesla.NA12878_chr8:7214611-7238019
NOTICE: Evidence for parental origin for the putative de novo CNVs (de novo CN=3 in trio data/signal/affy6.gigas.NA12891 data/signal/affy6.shelf.NA12892 data/signal/affy6.tesla.NA12878 ): Marker= 141 Paternal_origin(F)= 2 Maternal_origin(M)= 2 P-value= 1,affy6ceu_flanks_affy6.tesla.NA12878_chr9:45407529-45915244
NOTICE: Evidence for parental origin for the putative de novo CNVs (de novo CN=3 in trio data/signal/affy6.gigas.NA12891 data/signal/affy6.shelf.NA12892 data/signal/affy6.tesla.NA12878 ): Marker= 148 Paternal_origin(F)= 2 Maternal_origin(M)= 1 P-value= 1,affy6ceu_flanks_affy6.tesla.NA12878_chr9:79770398-79777404
